<!DOCTYPE html>
<html lang="en">
<head>
    <meta charset="UTF-8">
    <title>unit_result.xml</title>
    <style type="text/css">
        body {
    background-color: white;
    padding-bottom: 20em;
    margin: 0;
    min-height: 15cm;
}

h1, h2, h3, h4, h5, h6, h7 {
    font-family: sans-serif;
}

h1 {
    background-color: #007acc;
    color: white;
    padding: 3mm;
    margin-top: 0;
    margin-bottom: 1mm;
}

.footer {
    font-style: italic;
    font-size: small;
    text-align: right;
    padding: 1em;
}

.testsuite {
    padding-bottom: 2em;
    margin-left: 1em;
}

.proplist {
    width: 100%;
    margin-bottom: 2em;
    border-collapse: collapse;
    border: 1px solid grey;
}

.proplist th {
    background-color: silver;
    width: 5em;
    padding: 2px;
    padding-right: 1em;
    text-align: left;
}

.proplist td {
    padding: 2px;
}

.index-table {
    width: 90%;
    margin-left: 1em;
}

.index-table td {
    vertical-align: top;
    width: 50%;
}

.failure-index {

}

.toc {
    margin-bottom: 2em;
    font-family: monospace;
}

.stdio, pre {
    min-height: 1em;
    background-color: #1e1e1e;
    color: silver;
    padding: 0.5em;
}
.tdpre {
    background-color: #1e1e1e;
}

.test {
    margin-left: 0.5cm;
}

.outcome {
    border-left: 1em;
    padding: 2px;
}

.outcome-failed {
    border-left: 1em solid lightcoral;
}

.outcome-passed {
    border-left: 1em solid lightgreen;
}

.outcome-skipped {
    border-left: 1em solid lightyellow;
}

.stats-table {
}

.stats-table td {
    min-width: 4em;
    text-align: right;
}

.stats-table .failed {
    background-color: lightcoral;
}

.stats-table .passed {
    background-color: lightgreen;
}

.matrix-table {
    table-layout: fixed;
    border-spacing: 0;
    width: available;
    margin-left: 1em;
}

.matrix-table td {
    vertical-align: center;
}

.matrix-table td:last-child {
    width: 0;
}

.matrix-table tr:hover {
    background-color: yellow;
}

.matrix-axis-name {
    white-space: nowrap;
    padding-right: 0.5em;
    border-left: 1px solid black;
    border-top: 1px solid black;
    text-align: right;
}

.matrix-axis-line {
    border-left: 1px solid black;
    width: 0.5em;
}

.matrix-classname {
    text-align: left;
    width: 100%;
    border-top: 2px solid grey;
    border-bottom: 1px solid silver;
}

.matrix-casename {
    text-align: left;
    font-weight: normal;
    font-style: italic;
    padding-left: 1em;
    border-bottom: 1px solid silver;
}

.matrix-result {
    display: block;
    width: 1em;
    text-align: center;
    padding: 1mm;
    margin: 0;
}

.matrix-result-combined {
    white-space: nowrap;
    padding-right: 0.2em;
    text-align: right;
}

.matrix-result-failed {
    background-color: lightcoral;
}

.matrix-result-passed {
    background-color: lightgreen;
}

.matrix-result-skipped {
    background-color: lightyellow;
}

.matrix-even {
    background-color: lightgray;
}
    </style>
</head>
<body>
    
<h1>
    Test Report : unit_result.xml
</h1>
<a id="toc"></a>
<table class="index-table">
    <tr>
        <td>
            <ul class="toc">
            
                
                <li>test.unit.calc_test.TestCalculate
                <ul>
                    
                    <li><a href="#72ca1edd-926e-40d3-b774-59a8c9e9f554">test_add_method_fails_with_nan_parameter</a></li>
                    
                    <li><a href="#4dead2dc-a643-4182-85fc-2d3037aede30">test_add_method_returns_correct_result</a></li>
                    
                    <li><a href="#84935b11-e6de-4f79-836e-f709d35f4bd8">test_divide_method_fails_with_division_by_zero</a></li>
                    
                    <li><a href="#b3982f95-8b7f-410e-a1be-edd32ea4f140">test_divide_method_fails_with_nan_parameter</a></li>
                    
                    <li><a href="#aa307e82-cb8c-4836-a6b2-fcd9bdbf326a">test_divide_method_returns_correct_result</a></li>
                    
                    <li><a href="#e743c3cc-38d3-497f-80d5-2d9329449a44">test_log10_method_fails_with_nan_parameter</a></li>
                    
                    <li><a href="#ae1f2f52-01c4-4b67-bbc7-81e41ed2c952">test_log10_method_fails_with_negative_or_zero_parameter</a></li>
                    
                    <li><a href="#d627bd88-cefa-4148-8a5f-d5233774d801">test_log10_method_returns_correct_result</a></li>
                    
                    <li><a href="#ec200cd3-1c44-444f-8703-855c84c51f34">test_multiply_method_fails_with_nan_parameter</a></li>
                    
                    <li><a href="#f7f1c0f2-efab-4453-9942-d813ee5113a7">test_multiply_method_returns_correct_result</a></li>
                    
                    <li><a href="#7641b4d0-df7e-46ee-9883-cd1b0e71d8dc">test_power_method_fails_with_nan_parameter</a></li>
                    
                    <li><a href="#254180dd-7fdb-4edb-ab98-f3ddc776b26d">test_power_method_returns_correct_result</a></li>
                    
                    <li><a href="#6d7940aa-574a-45b8-93b4-94eeb9a4b614">test_square_method_fails_with_nan_parameter</a></li>
                    
                    <li><a href="#a5b7d010-d02f-4925-a492-d016adb67297">test_square_method_fails_with_negative_parameter</a></li>
                    
                    <li><a href="#4ed37222-ba60-4511-9178-f4ab7f5634b5">test_square_method_returns_correct_result</a></li>
                    
                    <li><a href="#d4723969-b146-40d6-a94d-562b4a782258">test_substract_method_fails_with_nan_parameter</a></li>
                    
                    <li><a href="#aca46dc7-b32d-4e04-a7b9-78380ce97251">test_substract_method_returns_correct_result</a></li>
                    
                </ul>
                </li>
                
                <li>test.unit.util_test.TestUtil
                <ul>
                    
                    <li><a href="#291053cf-5a53-4377-898f-a4800f1a6cda">test_convert_to_number_correct_param</a></li>
                    
                    <li><a href="#744eef4d-cff3-48e1-a08b-b72bfa3d599c">test_convert_to_number_invalid_type</a></li>
                    
                </ul>
                </li>
                
            
            </ul>
        </td>
        <td class="failure-index">
            <ul class="toc">
            
                
                    
                    
                    
                    
                    
                    
                    
                    
                    
                    
                    
                    
                    
                    
                    
                    
                    <li><a href="#d627bd88-cefa-4148-8a5f-d5233774d801">[F] test.unit.calc_test.TestCalculate : test_log10_method_returns_correct_result</a></li>
                    
                    
                    
                    <li><a href="#ec200cd3-1c44-444f-8703-855c84c51f34">[F] test.unit.calc_test.TestCalculate : test_multiply_method_fails_with_nan_parameter</a></li>
                    
                    
                    
                    
                    
                    
                    
                    <li><a href="#254180dd-7fdb-4edb-ab98-f3ddc776b26d">[F] test.unit.calc_test.TestCalculate : test_power_method_returns_correct_result</a></li>
                    
                    
                    
                    
                    
                    <li><a href="#a5b7d010-d02f-4925-a492-d016adb67297">[F] test.unit.calc_test.TestCalculate : test_square_method_fails_with_negative_parameter</a></li>
                    
                    
                    
                    <li><a href="#4ed37222-ba60-4511-9178-f4ab7f5634b5">[F] test.unit.calc_test.TestCalculate : test_square_method_returns_correct_result</a></li>
                    
                    
                    
                    
                    
                    
                
                    
                    
                    
                    
                    
                
            
            </ul>
        </td>
    </tr>
</table>


    <div class="testsuite">
        <h2>Test Suite: pytest</h2>
        <a id="607fe24d-db5f-4809-a74f-2993021d32e1"></a>
        
        
        <h3>Results</h3>
        <table class="proplist">
            <tr>
                <th>Duration</th><td>0.506 sec</td>
            </tr>
            <tr>
                <th>Tests</th><td>19</td>
            </tr>
            <tr>
                <th>Failures</th><td>5</td>
            </tr>
        </table>

        <div class="testclasses">
            <h3>Tests</h3>
            
            <div class="testclass">
                <h4>test.unit.calc_test.TestCalculate</h4>
                <div class="testcases">
                
                    <div class="test outcome outcome-passed">
                        <a id="72ca1edd-926e-40d3-b774-59a8c9e9f554"></a>
                        <table class="proplist">
                            <tr><th>Test case:</th><td><b>test_add_method_fails_with_nan_parameter</b></td></tr>
                            <tr><th>Outcome:</th><td>Passed</td></tr>
                            <tr><th>Duration:</th><td>0.002 sec</td></tr>
                        
                            <tr><th>Failed</th><td>None</td></tr>
                        
                        
                        </table>

                        
                        <pre>None</pre>
                        
                        

                        
                        
                        
                    </div>
                
                    <div class="test outcome outcome-passed">
                        <a id="4dead2dc-a643-4182-85fc-2d3037aede30"></a>
                        <table class="proplist">
                            <tr><th>Test case:</th><td><b>test_add_method_returns_correct_result</b></td></tr>
                            <tr><th>Outcome:</th><td>Passed</td></tr>
                            <tr><th>Duration:</th><td>0.001 sec</td></tr>
                        
                            <tr><th>Failed</th><td>None</td></tr>
                        
                        
                        </table>

                        
                        <pre>None</pre>
                        
                        

                        
                        
                        
                    </div>
                
                    <div class="test outcome outcome-passed">
                        <a id="84935b11-e6de-4f79-836e-f709d35f4bd8"></a>
                        <table class="proplist">
                            <tr><th>Test case:</th><td><b>test_divide_method_fails_with_division_by_zero</b></td></tr>
                            <tr><th>Outcome:</th><td>Passed</td></tr>
                            <tr><th>Duration:</th><td>0.001 sec</td></tr>
                        
                            <tr><th>Failed</th><td>None</td></tr>
                        
                        
                        </table>

                        
                        <pre>None</pre>
                        
                        

                        
                        
                        
                    </div>
                
                    <div class="test outcome outcome-passed">
                        <a id="b3982f95-8b7f-410e-a1be-edd32ea4f140"></a>
                        <table class="proplist">
                            <tr><th>Test case:</th><td><b>test_divide_method_fails_with_nan_parameter</b></td></tr>
                            <tr><th>Outcome:</th><td>Passed</td></tr>
                            <tr><th>Duration:</th><td>0.001 sec</td></tr>
                        
                            <tr><th>Failed</th><td>None</td></tr>
                        
                        
                        </table>

                        
                        <pre>None</pre>
                        
                        

                        
                        
                        
                    </div>
                
                    <div class="test outcome outcome-passed">
                        <a id="aa307e82-cb8c-4836-a6b2-fcd9bdbf326a"></a>
                        <table class="proplist">
                            <tr><th>Test case:</th><td><b>test_divide_method_returns_correct_result</b></td></tr>
                            <tr><th>Outcome:</th><td>Passed</td></tr>
                            <tr><th>Duration:</th><td>0.001 sec</td></tr>
                        
                            <tr><th>Failed</th><td>None</td></tr>
                        
                        
                        </table>

                        
                        <pre>None</pre>
                        
                        

                        
                        
                        
                    </div>
                
                    <div class="test outcome outcome-passed">
                        <a id="e743c3cc-38d3-497f-80d5-2d9329449a44"></a>
                        <table class="proplist">
                            <tr><th>Test case:</th><td><b>test_log10_method_fails_with_nan_parameter</b></td></tr>
                            <tr><th>Outcome:</th><td>Passed</td></tr>
                            <tr><th>Duration:</th><td>0.001 sec</td></tr>
                        
                            <tr><th>Failed</th><td>None</td></tr>
                        
                        
                        </table>

                        
                        <pre>None</pre>
                        
                        

                        
                        
                        
                    </div>
                
                    <div class="test outcome outcome-passed">
                        <a id="ae1f2f52-01c4-4b67-bbc7-81e41ed2c952"></a>
                        <table class="proplist">
                            <tr><th>Test case:</th><td><b>test_log10_method_fails_with_negative_or_zero_parameter</b></td></tr>
                            <tr><th>Outcome:</th><td>Passed</td></tr>
                            <tr><th>Duration:</th><td>0.001 sec</td></tr>
                        
                            <tr><th>Failed</th><td>None</td></tr>
                        
                        
                        </table>

                        
                        <pre>None</pre>
                        
                        

                        
                        
                        
                    </div>
                
                    <div class="test outcome outcome-failed">
                        <a id="d627bd88-cefa-4148-8a5f-d5233774d801"></a>
                        <table class="proplist">
                            <tr><th>Test case:</th><td><b>test_log10_method_returns_correct_result</b></td></tr>
                            <tr><th>Outcome:</th><td>Failed</td></tr>
                            <tr><th>Duration:</th><td>0.001 sec</td></tr>
                        
                            <tr><th>Failed</th><td>AssertionError: 1.301 != 1.3010299956639813 within 1e-07 delta</td></tr>
                        
                        
                        </table>

                        
                        <pre>self = &lt;unit.calc_test.TestCalculate testMethod=test_log10_method_returns_correct_result&gt;

    def test_log10_method_returns_correct_result(self):
        self.assertEqual(1, self.calc.log10(10))
&gt;       self.assertAlmostEqual(1.3010, self.calc.log10(20), delta=0.0000001)
E       AssertionError: 1.301 != 1.3010299956639813 within 1e-07 delta

test/unit/calc_test.py:54: AssertionError</pre>
                        
                        

                        
                        
                        
                    </div>
                
                    <div class="test outcome outcome-failed">
                        <a id="ec200cd3-1c44-444f-8703-855c84c51f34"></a>
                        <table class="proplist">
                            <tr><th>Test case:</th><td><b>test_multiply_method_fails_with_nan_parameter</b></td></tr>
                            <tr><th>Outcome:</th><td>Failed</td></tr>
                            <tr><th>Duration:</th><td>0.001 sec</td></tr>
                        
                            <tr><th>Failed</th><td>TypeError: test_multiply_method_fails_with_nan_parameter() takes 1 positional argument but 2 were given</td></tr>
                        
                        
                        </table>

                        
                        <pre>args = (&lt;unit.calc_test.TestCalculate testMethod=test_multiply_method_fails_with_nan_parameter&gt;, &lt;MagicMock name=&#39;validate_permissions&#39; id=&#39;140029294744240&#39;&gt;)
keywargs = {}
extra_args = [&lt;MagicMock name=&#39;validate_permissions&#39; id=&#39;140029294744240&#39;&gt;]
entered_patchers = [&lt;unittest.mock._patch object at 0x7f5b1c8f6390&gt;]
exc_info = (&lt;class &#39;TypeError&#39;&gt;, TypeError(&#39;test_multiply_method_fails_with_nan_parameter() takes 1 positional argument but 2 were given&#39;,), &lt;traceback object at 0x7f5b1c6104c8&gt;)
patching = &lt;unittest.mock._patch object at 0x7f5b1c8f6390&gt;
arg = &lt;MagicMock name=&#39;validate_permissions&#39; id=&#39;140029294744240&#39;&gt;

    @wraps(func)
    def patched(*args, **keywargs):
        extra_args = []
        entered_patchers = []
    
        exc_info = tuple()
        try:
            for patching in patched.patchings:
                arg = patching.__enter__()
                entered_patchers.append(patching)
                if patching.attribute_name is not None:
                    keywargs.update(arg)
                elif patching.new is DEFAULT:
                    extra_args.append(arg)
    
            args += tuple(extra_args)
&gt;           return func(*args, **keywargs)
E           TypeError: test_multiply_method_fails_with_nan_parameter() takes 1 positional argument but 2 were given

/usr/local/lib/python3.6/unittest/mock.py:1183: TypeError</pre>
                        
                        

                        
                        
                        
                    </div>
                
                    <div class="test outcome outcome-passed">
                        <a id="f7f1c0f2-efab-4453-9942-d813ee5113a7"></a>
                        <table class="proplist">
                            <tr><th>Test case:</th><td><b>test_multiply_method_returns_correct_result</b></td></tr>
                            <tr><th>Outcome:</th><td>Passed</td></tr>
                            <tr><th>Duration:</th><td>0.001 sec</td></tr>
                        
                            <tr><th>Failed</th><td>None</td></tr>
                        
                        
                        </table>

                        
                        <pre>None</pre>
                        
                        

                        
                        
                        
                    </div>
                
                    <div class="test outcome outcome-passed">
                        <a id="7641b4d0-df7e-46ee-9883-cd1b0e71d8dc"></a>
                        <table class="proplist">
                            <tr><th>Test case:</th><td><b>test_power_method_fails_with_nan_parameter</b></td></tr>
                            <tr><th>Outcome:</th><td>Passed</td></tr>
                            <tr><th>Duration:</th><td>0.001 sec</td></tr>
                        
                            <tr><th>Failed</th><td>None</td></tr>
                        
                        
                        </table>

                        
                        <pre>None</pre>
                        
                        

                        
                        
                        
                    </div>
                
                    <div class="test outcome outcome-failed">
                        <a id="254180dd-7fdb-4edb-ab98-f3ddc776b26d"></a>
                        <table class="proplist">
                            <tr><th>Test case:</th><td><b>test_power_method_returns_correct_result</b></td></tr>
                            <tr><th>Outcome:</th><td>Failed</td></tr>
                            <tr><th>Duration:</th><td>0.001 sec</td></tr>
                        
                            <tr><th>Failed</th><td>AssertionError: 2.838 != 2.8284271247461903 within 1e-07 delta</td></tr>
                        
                        
                        </table>

                        
                        <pre>self = &lt;unit.calc_test.TestCalculate testMethod=test_power_method_returns_correct_result&gt;

    def test_power_method_returns_correct_result(self):
        self.assertEqual(4, self.calc.power(2, 2))
        self.assertEqual(531441, self.calc.power(3, 12))
&gt;       self.assertAlmostEqual(2.838, self.calc.power(2, 1.5), delta=0.0000001)
E       AssertionError: 2.838 != 2.8284271247461903 within 1e-07 delta

test/unit/calc_test.py:45: AssertionError</pre>
                        
                        

                        
                        
                        
                    </div>
                
                    <div class="test outcome outcome-passed">
                        <a id="6d7940aa-574a-45b8-93b4-94eeb9a4b614"></a>
                        <table class="proplist">
                            <tr><th>Test case:</th><td><b>test_square_method_fails_with_nan_parameter</b></td></tr>
                            <tr><th>Outcome:</th><td>Passed</td></tr>
                            <tr><th>Duration:</th><td>0.001 sec</td></tr>
                        
                            <tr><th>Failed</th><td>None</td></tr>
                        
                        
                        </table>

                        
                        <pre>None</pre>
                        
                        

                        
                        
                        
                    </div>
                
                    <div class="test outcome outcome-failed">
                        <a id="a5b7d010-d02f-4925-a492-d016adb67297"></a>
                        <table class="proplist">
                            <tr><th>Test case:</th><td><b>test_square_method_fails_with_negative_parameter</b></td></tr>
                            <tr><th>Outcome:</th><td>Failed</td></tr>
                            <tr><th>Duration:</th><td>0.001 sec</td></tr>
                        
                            <tr><th>Failed</th><td>AssertionError: TypeError not raised by square</td></tr>
                        
                        
                        </table>

                        
                        <pre>self = &lt;unit.calc_test.TestCalculate testMethod=test_square_method_fails_with_negative_parameter&gt;

    def test_square_method_fails_with_negative_parameter(self):
&gt;       self.assertRaises(TypeError, self.calc.square, -0)
E       AssertionError: TypeError not raised by square

test/unit/calc_test.py:107: AssertionError</pre>
                        
                        

                        
                        
                        
                    </div>
                
                    <div class="test outcome outcome-failed">
                        <a id="4ed37222-ba60-4511-9178-f4ab7f5634b5"></a>
                        <table class="proplist">
                            <tr><th>Test case:</th><td><b>test_square_method_returns_correct_result</b></td></tr>
                            <tr><th>Outcome:</th><td>Failed</td></tr>
                            <tr><th>Duration:</th><td>0.001 sec</td></tr>
                        
                            <tr><th>Failed</th><td>AssertionError: 1.2247 != 1.224744871391589 within 1e-07 delta</td></tr>
                        
                        
                        </table>

                        
                        <pre>self = &lt;unit.calc_test.TestCalculate testMethod=test_square_method_returns_correct_result&gt;

    def test_square_method_returns_correct_result(self):
        self.assertEqual(3, self.calc.square(9))
        self.assertEqual(9, self.calc.square(81))
&gt;       self.assertAlmostEqual(1.2247, self.calc.square(1.5), delta=0.0000001)
E       AssertionError: 1.2247 != 1.224744871391589 within 1e-07 delta

test/unit/calc_test.py:50: AssertionError</pre>
                        
                        

                        
                        
                        
                    </div>
                
                    <div class="test outcome outcome-passed">
                        <a id="d4723969-b146-40d6-a94d-562b4a782258"></a>
                        <table class="proplist">
                            <tr><th>Test case:</th><td><b>test_substract_method_fails_with_nan_parameter</b></td></tr>
                            <tr><th>Outcome:</th><td>Passed</td></tr>
                            <tr><th>Duration:</th><td>0.001 sec</td></tr>
                        
                            <tr><th>Failed</th><td>None</td></tr>
                        
                        
                        </table>

                        
                        <pre>None</pre>
                        
                        

                        
                        
                        
                    </div>
                
                    <div class="test outcome outcome-passed">
                        <a id="aca46dc7-b32d-4e04-a7b9-78380ce97251"></a>
                        <table class="proplist">
                            <tr><th>Test case:</th><td><b>test_substract_method_returns_correct_result</b></td></tr>
                            <tr><th>Outcome:</th><td>Passed</td></tr>
                            <tr><th>Duration:</th><td>0.001 sec</td></tr>
                        
                            <tr><th>Failed</th><td>None</td></tr>
                        
                        
                        </table>

                        
                        <pre>None</pre>
                        
                        

                        
                        
                        
                    </div>
                
                </div>
            </div>
            
            <div class="testclass">
                <h4>test.unit.util_test.TestUtil</h4>
                <div class="testcases">
                
                    <div class="test outcome outcome-passed">
                        <a id="291053cf-5a53-4377-898f-a4800f1a6cda"></a>
                        <table class="proplist">
                            <tr><th>Test case:</th><td><b>test_convert_to_number_correct_param</b></td></tr>
                            <tr><th>Outcome:</th><td>Passed</td></tr>
                            <tr><th>Duration:</th><td>0.001 sec</td></tr>
                        
                            <tr><th>Failed</th><td>None</td></tr>
                        
                        
                        </table>

                        
                        <pre>None</pre>
                        
                        

                        
                        
                        
                    </div>
                
                    <div class="test outcome outcome-passed">
                        <a id="744eef4d-cff3-48e1-a08b-b72bfa3d599c"></a>
                        <table class="proplist">
                            <tr><th>Test case:</th><td><b>test_convert_to_number_invalid_type</b></td></tr>
                            <tr><th>Outcome:</th><td>Passed</td></tr>
                            <tr><th>Duration:</th><td>0.001 sec</td></tr>
                        
                            <tr><th>Failed</th><td>None</td></tr>
                        
                        
                        </table>

                        
                        <pre>None</pre>
                        
                        

                        
                        
                        
                    </div>
                
                </div>
            </div>
            
        </div>
    </div>
    



<p class="footer">
    Generated by junit2html
</p>
</body>
</html>